<?xml version="1.0" encoding="UTF-8"?>
<!-- Generated by org.testng.reporters.JUnitXMLReporter -->
<testsuite ignored="0" hostname="DESKTOP-JD55J81" failures="1" tests="5" name="DashBoard Test" time="185.709" errors="0" timestamp="2022-07-02T17:11:39 IST">
  <testcase classname="testCases.DashboardTest" name="globalSearchByName" time="43.991">
    <failure type="java.lang.AssertionError" message="expected [true] but found [false]">
      <![CDATA[java.lang.AssertionError: expected [true] but found [false]
at pages.Dashboard.globalSearchByNameLeads(Dashboard.java:34)
at testCases.DashboardTest.globalSearchByName(DashboardTest.java:17)
at java.base/java.util.ArrayList.forEach(ArrayList.java:1511)
... Removed 31 stack frames]]>
    </failure>
  </testcase> <!-- globalSearchByName -->
  <testcase classname="testCases.DashboardTest" name="globalSearchByEamild" time="44.983"/>
  <testcase classname="testCases.DashboardTest" name="globalSearchByPhone" time="24.705"/>
  <testcase classname="testCases.DashboardTest" name="allNotification" time="45.103"/>
  <testcase classname="testCases.DashboardTest" name="assignTask" time="26.67"/>
</testsuite> <!-- DashBoard Test -->
