<?xml version="1.0" encoding="UTF-8"?>
<!-- Generated by org.testng.reporters.JUnitXMLReporter -->
<testsuite hostname="ANSHUMANLAPTOOP" ignored="0" name="mis tEST Test" tests="6" failures="0" timestamp="22 Feb 2021 12:29:59 GMT" time="526.795" errors="0">
  <testcase name="testSearch" time="51.403" classname="testCases.MisTest"/>
  <testcase name="testMFoffline" time="82.724" classname="testCases.MisTest"/>
  <testcase name="testInsurance" time="121.69" classname="testCases.MisTest"/>
  <testcase name="testLoan" time="95.582" classname="testCases.MisTest"/>
  <testcase name="testotherAsset" time="91.036" classname="testCases.MisTest"/>
  <testcase name="testFee" time="84.335" classname="testCases.MisTest"/>
</testsuite> <!-- mis tEST Test -->
