<?xml version="1.0" encoding="UTF-8"?>
<!-- Generated by org.testng.reporters.JUnitXMLReporter -->
<testsuite ignored="0" hostname="DESKTOP-JD55J81" failures="0" tests="10" name="TicketTest" time="592.216" errors="0" timestamp="2022-06-16T13:05:29 IST">
  <testcase classname="testCases.TicketTest" name="sameDepartmentRaiseTicket" time="77.069"/>
  <testcase classname="testCases.TicketTest" name="ticketTaTSameDept" time="56.239"/>
  <testcase classname="testCases.TicketTest" name="testTicketCommentSameDept" time="48.196"/>
  <testcase classname="testCases.TicketTest" name="testCloseTicketSameDept" time="50.155"/>
  <testcase classname="testCases.TicketTest" name="ticketReopenSameDept" time="48.925"/>
  <testcase classname="testCases.TicketTest" name="otherDepartmentTicket" time="115.675"/>
  <testcase classname="testCases.TicketTest" name="assignTicketEmp" time="58.616"/>
  <testcase classname="testCases.TicketTest" name="ticketTaTitDept" time="47.102"/>
  <testcase classname="testCases.TicketTest" name="closeTicketITdept" time="34.926"/>
  <testcase classname="testCases.TicketTest" name="reOpenTicketITdept" time="55.268"/>
</testsuite> <!-- TicketTest -->
