<?xml version="1.0" encoding="UTF-8"?>
<!-- Generated by org.testng.reporters.JUnitReportReporter -->
<testsuite hostname="DESKTOP-JD55J81" failures="0" tests="3" name="testCases.KycCafWorkpointTest" time="516.107" errors="0" timestamp="2022-06-22T13:15:48 IST" skipped="0">
  <testcase classname="testCases.KycCafWorkpointTest" name="indivisualKYCTest" time="0.005"/>
  <system-out/>
  <testcase classname="testCases.KycCafWorkpointTest" name="indivisualKYCTest" time="0.004"/>
  <system-out/>
  <testcase classname="testCases.KycCafWorkpointTest" name="hufKYCTest" time="516.098"/>
  <system-out/>
</testsuite> <!-- testCases.KycCafWorkpointTest -->
