<?xml version="1.0" encoding="UTF-8"?>
<!-- Generated by org.testng.reporters.JUnitReportReporter -->
<testsuite hostname="DESKTOP-JD55J81" failures="0" tests="10" name="testCases.TicketTest" time="592.171" errors="0" timestamp="2022-06-16T13:05:29 IST" skipped="0">
  <testcase classname="testCases.TicketTest" name="sameDepartmentRaiseTicket" time="77.069"/>
  <system-out/>
  <testcase classname="testCases.TicketTest" name="ticketTaTSameDept" time="56.239"/>
  <system-out/>
  <testcase classname="testCases.TicketTest" name="testTicketCommentSameDept" time="48.196"/>
  <system-out/>
  <testcase classname="testCases.TicketTest" name="testCloseTicketSameDept" time="50.155"/>
  <system-out/>
  <testcase classname="testCases.TicketTest" name="ticketReopenSameDept" time="48.925"/>
  <system-out/>
  <testcase classname="testCases.TicketTest" name="otherDepartmentTicket" time="115.675"/>
  <system-out/>
  <testcase classname="testCases.TicketTest" name="assignTicketEmp" time="58.616"/>
  <system-out/>
  <testcase classname="testCases.TicketTest" name="ticketTaTitDept" time="47.102"/>
  <system-out/>
  <testcase classname="testCases.TicketTest" name="closeTicketITdept" time="34.926"/>
  <system-out/>
  <testcase classname="testCases.TicketTest" name="reOpenTicketITdept" time="55.268"/>
  <system-out/>
</testsuite> <!-- testCases.TicketTest -->
