<?xml version="1.0" encoding="UTF-8"?>
<!-- Generated by org.testng.reporters.JUnitReportReporter -->
<testsuite hostname="DESKTOP-JD55J81" failures="0" tests="3" name="pages.KYCandCaF" time="0.000" errors="0" timestamp="2021-12-09T18:32:23 IST" skipped="3">
  <testcase classname="pages.KYCandCaF" name="minorKYC" time="0.000">
    <skipped/>
  </testcase> <!-- minorKYC -->
  <system-out/>
  <testcase classname="pages.KYCandCaF" name="indivisualKYC" time="0.000">
    <skipped/>
  </testcase> <!-- indivisualKYC -->
  <system-out/>
  <testcase classname="pages.KYCandCaF" name="nriKYC" time="0.000">
    <skipped/>
  </testcase> <!-- nriKYC -->
  <system-out/>
</testsuite> <!-- pages.KYCandCaF -->
